<?xml version="1.0" encoding="UTF-8"?>
<coverage generated="1572254434156" clover="3.2.0">
  <project timestamp="1572254434156" name="All files">
    <metrics statements="78" coveredstatements="78" conditionals="42" coveredconditionals="42" methods="17" coveredmethods="17" elements="137" coveredelements="137" complexity="0" loc="78" ncloc="78" packages="1" files="2" classes="2"/>
    <file name="index.js" path="/Users/zhangzhipeng/Desktop/Repository/GitHub/jsonp-pro/src/index.js">
      <metrics statements="69" coveredstatements="69" conditionals="40" coveredconditionals="40" methods="15" coveredmethods="15"/>
      <line num="19" count="17" type="stmt"/>
      <line num="20" count="17" type="stmt"/>
      <line num="23" count="17" type="stmt"/>
      <line num="24" count="17" type="stmt"/>
      <line num="25" count="17" type="stmt"/>
      <line num="26" count="17" type="stmt"/>
      <line num="27" count="17" type="stmt"/>
      <line num="31" count="17" type="stmt"/>
      <line num="33" count="17" type="cond" truecount="2" falsecount="0"/>
      <line num="34" count="1" type="stmt"/>
      <line num="37" count="16" type="cond" truecount="2" falsecount="0"/>
      <line num="38" count="1" type="stmt"/>
      <line num="41" count="15" type="stmt"/>
      <line num="43" count="7" type="stmt"/>
      <line num="44" count="7" type="cond" truecount="2" falsecount="0"/>
      <line num="45" count="5" type="stmt"/>
      <line num="46" count="10" type="stmt"/>
      <line num="48" count="2" type="cond" truecount="2" falsecount="0"/>
      <line num="49" count="1" type="stmt"/>
      <line num="51" count="1" type="stmt"/>
      <line num="55" count="5" type="stmt"/>
      <line num="56" count="5" type="cond" truecount="2" falsecount="0"/>
      <line num="57" count="1" type="stmt"/>
      <line num="60" count="4" type="stmt"/>
      <line num="61" count="4" type="cond" truecount="2" falsecount="0"/>
      <line num="62" count="1" type="stmt"/>
      <line num="66" count="4" type="stmt"/>
      <line num="67" count="4" type="cond" truecount="2" falsecount="0"/>
      <line num="68" count="1" type="stmt"/>
      <line num="72" count="5" type="stmt"/>
      <line num="73" count="5" type="cond" truecount="2" falsecount="0"/>
      <line num="74" count="1" type="stmt"/>
      <line num="78" count="3" type="stmt"/>
      <line num="79" count="3" type="cond" truecount="2" falsecount="0"/>
      <line num="80" count="1" type="stmt"/>
      <line num="84" count="4" type="stmt"/>
      <line num="85" count="4" type="cond" truecount="2" falsecount="0"/>
      <line num="86" count="3" type="stmt"/>
      <line num="88" count="1" type="stmt"/>
      <line num="92" count="4" type="stmt"/>
      <line num="93" count="4" type="cond" truecount="2" falsecount="0"/>
      <line num="94" count="1" type="stmt"/>
      <line num="98" count="4" type="cond" truecount="2" falsecount="0"/>
      <line num="99" count="1" type="stmt"/>
      <line num="103" count="2" type="stmt"/>
      <line num="104" count="2" type="cond" truecount="2" falsecount="0"/>
      <line num="105" count="2" type="stmt"/>
      <line num="106" count="2" type="stmt"/>
      <line num="109" count="3" type="stmt"/>
      <line num="112" count="3" type="stmt"/>
      <line num="116" count="15" type="stmt"/>
      <line num="117" count="40" type="stmt"/>
      <line num="120" count="6" type="stmt"/>
      <line num="121" count="3" type="stmt"/>
      <line num="125" count="6" type="cond" truecount="4" falsecount="0"/>
      <line num="126" count="2" type="cond" truecount="2" falsecount="0"/>
      <line num="130" count="6" type="cond" truecount="2" falsecount="0"/>
      <line num="131" count="4" type="stmt"/>
      <line num="132" count="1" type="cond" truecount="2" falsecount="0"/>
      <line num="133" count="1" type="stmt"/>
      <line num="134" count="1" type="stmt"/>
      <line num="136" count="4" type="cond" truecount="2" falsecount="0"/>
      <line num="140" count="6" type="stmt"/>
      <line num="143" count="1" type="stmt"/>
      <line num="144" count="1" type="cond" truecount="2" falsecount="0"/>
      <line num="145" count="1" type="stmt"/>
      <line num="148" count="6" type="stmt"/>
      <line num="150" count="6" type="stmt"/>
      <line num="151" count="6" type="stmt"/>
    </file>
    <file name="methods.js" path="/Users/zhangzhipeng/Desktop/Repository/GitHub/jsonp-pro/src/methods.js">
      <metrics statements="9" coveredstatements="9" conditionals="2" coveredconditionals="2" methods="2" coveredmethods="2"/>
      <line num="9" count="69" type="stmt"/>
      <line num="10" count="69" type="stmt"/>
      <line num="11" count="69" type="cond" truecount="2" falsecount="0"/>
      <line num="12" count="56" type="stmt"/>
      <line num="14" count="13" type="stmt"/>
      <line num="20" count="18" type="stmt"/>
      <line num="21" count="18" type="stmt"/>
      <line num="22" count="18" type="stmt"/>
      <line num="23" count="18" type="stmt"/>
    </file>
  </project>
</coverage>
