{"/Users/zhangzhipeng/Desktop/Repository/GitHub/jsonp-pro/src/index.js": {"path":"/Users/zhangzhipeng/Desktop/Repository/GitHub/jsonp-pro/src/index.js","statementMap":{"0":{"start":{"line":19,"column":16},"end":{"line":19,"column":46}},"1":{"start":{"line":20,"column":13},"end":{"line":20,"column":45}},"2":{"start":{"line":23,"column":14},"end":{"line":23,"column":16}},"3":{"start":{"line":24,"column":15},"end":{"line":24,"column":25}},"4":{"start":{"line":25,"column":19},"end":{"line":25,"column":42}},"5":{"start":{"line":26,"column":17},"end":{"line":26,"column":22}},"6":{"start":{"line":27,"column":18},"end":{"line":27,"column":23}},"7":{"start":{"line":31,"column":21},"end":{"line":31,"column":23}},"8":{"start":{"line":33,"column":2},"end":{"line":35,"column":3}},"9":{"start":{"line":34,"column":4},"end":{"line":34,"column":60}},"10":{"start":{"line":37,"column":2},"end":{"line":39,"column":3}},"11":{"start":{"line":38,"column":4},"end":{"line":38,"column":48}},"12":{"start":{"line":41,"column":18},"end":{"line":114,"column":3}},"13":{"start":{"line":43,"column":19},"end":{"line":43,"column":31}},"14":{"start":{"line":44,"column":6},"end":{"line":52,"column":7}},"15":{"start":{"line":45,"column":8},"end":{"line":47,"column":9}},"16":{"start":{"line":46,"column":10},"end":{"line":46,"column":46}},"17":{"start":{"line":48,"column":13},"end":{"line":52,"column":7}},"18":{"start":{"line":49,"column":8},"end":{"line":49,"column":29}},"19":{"start":{"line":51,"column":8},"end":{"line":51,"column":63}},"20":{"start":{"line":55,"column":6},"end":{"line":55,"column":32}},"21":{"start":{"line":56,"column":6},"end":{"line":57,"column":64}},"22":{"start":{"line":57,"column":8},"end":{"line":57,"column":64}},"23":{"start":{"line":60,"column":6},"end":{"line":60,"column":30}},"24":{"start":{"line":61,"column":6},"end":{"line":63,"column":7}},"25":{"start":{"line":62,"column":8},"end":{"line":62,"column":63}},"26":{"start":{"line":66,"column":6},"end":{"line":66,"column":34}},"27":{"start":{"line":67,"column":6},"end":{"line":69,"column":7}},"28":{"start":{"line":68,"column":8},"end":{"line":68,"column":63}},"29":{"start":{"line":72,"column":6},"end":{"line":72,"column":42}},"30":{"start":{"line":73,"column":6},"end":{"line":75,"column":7}},"31":{"start":{"line":74,"column":8},"end":{"line":74,"column":67}},"32":{"start":{"line":78,"column":6},"end":{"line":78,"column":38}},"33":{"start":{"line":79,"column":6},"end":{"line":81,"column":7}},"34":{"start":{"line":80,"column":8},"end":{"line":80,"column":66}},"35":{"start":{"line":84,"column":22},"end":{"line":84,"column":37}},"36":{"start":{"line":85,"column":6},"end":{"line":89,"column":7}},"37":{"start":{"line":86,"column":8},"end":{"line":86,"column":33}},"38":{"start":{"line":88,"column":8},"end":{"line":88,"column":62}},"39":{"start":{"line":92,"column":6},"end":{"line":92,"column":40}},"40":{"start":{"line":93,"column":6},"end":{"line":95,"column":7}},"41":{"start":{"line":94,"column":8},"end":{"line":94,"column":66}},"42":{"start":{"line":98,"column":6},"end":{"line":100,"column":7}},"43":{"start":{"line":99,"column":8},"end":{"line":99,"column":64}},"44":{"start":{"line":103,"column":10},"end":{"line":103,"column":48}},"45":{"start":{"line":104,"column":10},"end":{"line":104,"column":77}},"46":{"start":{"line":105,"column":10},"end":{"line":105,"column":30}},"47":{"start":{"line":106,"column":10},"end":{"line":106,"column":28}},"48":{"start":{"line":109,"column":8},"end":{"line":109,"column":49}},"49":{"start":{"line":112,"column":6},"end":{"line":112,"column":31}},"50":{"start":{"line":116,"column":2},"end":{"line":118,"column":3}},"51":{"start":{"line":117,"column":4},"end":{"line":117,"column":20}},"52":{"start":{"line":120,"column":2},"end":{"line":122,"column":5}},"53":{"start":{"line":121,"column":4},"end":{"line":121,"column":11}},"54":{"start":{"line":125,"column":2},"end":{"line":129,"column":3}},"55":{"start":{"line":126,"column":4},"end":{"line":128,"column":44}},"56":{"start":{"line":130,"column":2},"end":{"line":139,"column":3}},"57":{"start":{"line":131,"column":4},"end":{"line":135,"column":6}},"58":{"start":{"line":132,"column":6},"end":{"line":132,"column":31}},"59":{"start":{"line":133,"column":6},"end":{"line":133,"column":32}},"60":{"start":{"line":134,"column":6},"end":{"line":134,"column":34}},"61":{"start":{"line":136,"column":4},"end":{"line":138,"column":58}},"62":{"start":{"line":140,"column":2},"end":{"line":140,"column":23}},"63":{"start":{"line":143,"column":4},"end":{"line":143,"column":48}},"64":{"start":{"line":144,"column":4},"end":{"line":144,"column":23}},"65":{"start":{"line":145,"column":4},"end":{"line":145,"column":24}},"66":{"start":{"line":148,"column":2},"end":{"line":148,"column":43}},"67":{"start":{"line":150,"column":2},"end":{"line":150,"column":19}},"68":{"start":{"line":151,"column":2},"end":{"line":151,"column":28}}},"fnMap":{"0":{"name":"(anonymous_0)","decl":{"start":{"line":18,"column":15},"end":{"line":18,"column":16}},"loc":{"start":{"line":18,"column":38},"end":{"line":152,"column":1}},"line":18},"1":{"name":"(anonymous_1)","decl":{"start":{"line":42,"column":4},"end":{"line":42,"column":5}},"loc":{"start":{"line":42,"column":11},"end":{"line":53,"column":5}},"line":42},"2":{"name":"(anonymous_2)","decl":{"start":{"line":54,"column":4},"end":{"line":54,"column":5}},"loc":{"start":{"line":54,"column":14},"end":{"line":58,"column":5}},"line":54},"3":{"name":"(anonymous_3)","decl":{"start":{"line":59,"column":4},"end":{"line":59,"column":5}},"loc":{"start":{"line":59,"column":13},"end":{"line":64,"column":5}},"line":59},"4":{"name":"(anonymous_4)","decl":{"start":{"line":65,"column":4},"end":{"line":65,"column":5}},"loc":{"start":{"line":65,"column":15},"end":{"line":70,"column":5}},"line":65},"5":{"name":"(anonymous_5)","decl":{"start":{"line":71,"column":4},"end":{"line":71,"column":5}},"loc":{"start":{"line":71,"column":19},"end":{"line":76,"column":5}},"line":71},"6":{"name":"(anonymous_6)","decl":{"start":{"line":77,"column":4},"end":{"line":77,"column":5}},"loc":{"start":{"line":77,"column":17},"end":{"line":82,"column":5}},"line":77},"7":{"name":"(anonymous_7)","decl":{"start":{"line":83,"column":4},"end":{"line":83,"column":5}},"loc":{"start":{"line":83,"column":14},"end":{"line":90,"column":5}},"line":83},"8":{"name":"(anonymous_8)","decl":{"start":{"line":91,"column":4},"end":{"line":91,"column":5}},"loc":{"start":{"line":91,"column":18},"end":{"line":96,"column":5}},"line":91},"9":{"name":"(anonymous_9)","decl":{"start":{"line":97,"column":4},"end":{"line":97,"column":5}},"loc":{"start":{"line":97,"column":14},"end":{"line":113,"column":5}},"line":97},"10":{"name":"timeout","decl":{"start":{"line":101,"column":15},"end":{"line":101,"column":22}},"loc":{"start":{"line":101,"column":25},"end":{"line":110,"column":7}},"line":101},"11":{"name":"outTime","decl":{"start":{"line":102,"column":17},"end":{"line":102,"column":24}},"loc":{"start":{"line":102,"column":27},"end":{"line":107,"column":9}},"line":102},"12":{"name":"(anonymous_12)","decl":{"start":{"line":120,"column":21},"end":{"line":120,"column":22}},"loc":{"start":{"line":120,"column":29},"end":{"line":122,"column":3}},"line":120},"13":{"name":"(anonymous_13)","decl":{"start":{"line":131,"column":27},"end":{"line":131,"column":28}},"loc":{"start":{"line":131,"column":35},"end":{"line":135,"column":5}},"line":131},"14":{"name":"loadLis","decl":{"start":{"line":142,"column":11},"end":{"line":142,"column":18}},"loc":{"start":{"line":142,"column":21},"end":{"line":146,"column":3}},"line":142}},"branchMap":{"0":{"loc":{"start":{"line":33,"column":2},"end":{"line":35,"column":3}},"type":"if","locations":[{"start":{"line":33,"column":2},"end":{"line":35,"column":3}},{"start":{"line":33,"column":2},"end":{"line":35,"column":3}}],"line":33},"1":{"loc":{"start":{"line":37,"column":2},"end":{"line":39,"column":3}},"type":"if","locations":[{"start":{"line":37,"column":2},"end":{"line":39,"column":3}},{"start":{"line":37,"column":2},"end":{"line":39,"column":3}}],"line":37},"2":{"loc":{"start":{"line":44,"column":6},"end":{"line":52,"column":7}},"type":"if","locations":[{"start":{"line":44,"column":6},"end":{"line":52,"column":7}},{"start":{"line":44,"column":6},"end":{"line":52,"column":7}}],"line":44},"3":{"loc":{"start":{"line":48,"column":13},"end":{"line":52,"column":7}},"type":"if","locations":[{"start":{"line":48,"column":13},"end":{"line":52,"column":7}},{"start":{"line":48,"column":13},"end":{"line":52,"column":7}}],"line":48},"4":{"loc":{"start":{"line":56,"column":6},"end":{"line":57,"column":64}},"type":"if","locations":[{"start":{"line":56,"column":6},"end":{"line":57,"column":64}},{"start":{"line":56,"column":6},"end":{"line":57,"column":64}}],"line":56},"5":{"loc":{"start":{"line":61,"column":6},"end":{"line":63,"column":7}},"type":"if","locations":[{"start":{"line":61,"column":6},"end":{"line":63,"column":7}},{"start":{"line":61,"column":6},"end":{"line":63,"column":7}}],"line":61},"6":{"loc":{"start":{"line":67,"column":6},"end":{"line":69,"column":7}},"type":"if","locations":[{"start":{"line":67,"column":6},"end":{"line":69,"column":7}},{"start":{"line":67,"column":6},"end":{"line":69,"column":7}}],"line":67},"7":{"loc":{"start":{"line":73,"column":6},"end":{"line":75,"column":7}},"type":"if","locations":[{"start":{"line":73,"column":6},"end":{"line":75,"column":7}},{"start":{"line":73,"column":6},"end":{"line":75,"column":7}}],"line":73},"8":{"loc":{"start":{"line":79,"column":6},"end":{"line":81,"column":7}},"type":"if","locations":[{"start":{"line":79,"column":6},"end":{"line":81,"column":7}},{"start":{"line":79,"column":6},"end":{"line":81,"column":7}}],"line":79},"9":{"loc":{"start":{"line":85,"column":6},"end":{"line":89,"column":7}},"type":"if","locations":[{"start":{"line":85,"column":6},"end":{"line":89,"column":7}},{"start":{"line":85,"column":6},"end":{"line":89,"column":7}}],"line":85},"10":{"loc":{"start":{"line":93,"column":6},"end":{"line":95,"column":7}},"type":"if","locations":[{"start":{"line":93,"column":6},"end":{"line":95,"column":7}},{"start":{"line":93,"column":6},"end":{"line":95,"column":7}}],"line":93},"11":{"loc":{"start":{"line":98,"column":6},"end":{"line":100,"column":7}},"type":"if","locations":[{"start":{"line":98,"column":6},"end":{"line":100,"column":7}},{"start":{"line":98,"column":6},"end":{"line":100,"column":7}}],"line":98},"12":{"loc":{"start":{"line":104,"column":10},"end":{"line":104,"column":76}},"type":"binary-expr","locations":[{"start":{"line":104,"column":10},"end":{"line":104,"column":45}},{"start":{"line":104,"column":49},"end":{"line":104,"column":76}}],"line":104},"13":{"loc":{"start":{"line":125,"column":2},"end":{"line":129,"column":3}},"type":"if","locations":[{"start":{"line":125,"column":2},"end":{"line":129,"column":3}},{"start":{"line":125,"column":2},"end":{"line":129,"column":3}}],"line":125},"14":{"loc":{"start":{"line":125,"column":6},"end":{"line":125,"column":33}},"type":"binary-expr","locations":[{"start":{"line":125,"column":6},"end":{"line":125,"column":16}},{"start":{"line":125,"column":20},"end":{"line":125,"column":33}}],"line":125},"15":{"loc":{"start":{"line":126,"column":4},"end":{"line":128,"column":43}},"type":"cond-expr","locations":[{"start":{"line":127,"column":9},"end":{"line":127,"column":42}},{"start":{"line":128,"column":9},"end":{"line":128,"column":42}}],"line":126},"16":{"loc":{"start":{"line":130,"column":2},"end":{"line":139,"column":3}},"type":"if","locations":[{"start":{"line":130,"column":2},"end":{"line":139,"column":3}},{"start":{"line":130,"column":2},"end":{"line":139,"column":3}}],"line":130},"17":{"loc":{"start":{"line":132,"column":6},"end":{"line":132,"column":30}},"type":"binary-expr","locations":[{"start":{"line":132,"column":6},"end":{"line":132,"column":13}},{"start":{"line":132,"column":17},"end":{"line":132,"column":30}}],"line":132},"18":{"loc":{"start":{"line":136,"column":4},"end":{"line":138,"column":57}},"type":"cond-expr","locations":[{"start":{"line":137,"column":9},"end":{"line":137,"column":56}},{"start":{"line":138,"column":9},"end":{"line":138,"column":56}}],"line":136},"19":{"loc":{"start":{"line":144,"column":4},"end":{"line":144,"column":22}},"type":"binary-expr","locations":[{"start":{"line":144,"column":4},"end":{"line":144,"column":10}},{"start":{"line":144,"column":14},"end":{"line":144,"column":22}}],"line":144}},"s":{"0":17,"1":17,"2":17,"3":17,"4":17,"5":17,"6":17,"7":17,"8":17,"9":1,"10":16,"11":1,"12":15,"13":7,"14":7,"15":5,"16":10,"17":2,"18":1,"19":1,"20":5,"21":5,"22":1,"23":4,"24":4,"25":1,"26":4,"27":4,"28":1,"29":5,"30":5,"31":1,"32":3,"33":3,"34":1,"35":4,"36":4,"37":3,"38":1,"39":4,"40":4,"41":1,"42":4,"43":1,"44":2,"45":2,"46":2,"47":2,"48":3,"49":3,"50":15,"51":40,"52":6,"53":3,"54":6,"55":2,"56":6,"57":4,"58":1,"59":1,"60":1,"61":4,"62":6,"63":1,"64":1,"65":1,"66":6,"67":6,"68":6},"f":{"0":17,"1":7,"2":5,"3":4,"4":4,"5":5,"6":3,"7":4,"8":4,"9":4,"10":3,"11":2,"12":3,"13":1,"14":1},"b":{"0":[1,16],"1":[1,15],"2":[5,2],"3":[1,1],"4":[1,4],"5":[1,3],"6":[1,3],"7":[1,4],"8":[1,2],"9":[3,1],"10":[1,3],"11":[1,3],"12":[2,1],"13":[2,4],"14":[6,2],"15":[1,1],"16":[4,2],"17":[1,1],"18":[2,2],"19":[1,1]},"_coverageSchema":"43e27e138ebf9cfc5966b082cf9a028302ed4184","hash":"a5d70263a4e732d12b8bfcb8a2e3a5923cdeeda5"}
,"/Users/zhangzhipeng/Desktop/Repository/GitHub/jsonp-pro/src/methods.js": {"path":"/Users/zhangzhipeng/Desktop/Repository/GitHub/jsonp-pro/src/methods.js","statementMap":{"0":{"start":{"line":9,"column":19},"end":{"line":9,"column":55}},"1":{"start":{"line":10,"column":19},"end":{"line":10,"column":37}},"2":{"start":{"line":11,"column":2},"end":{"line":15,"column":3}},"3":{"start":{"line":12,"column":4},"end":{"line":12,"column":16}},"4":{"start":{"line":14,"column":4},"end":{"line":14,"column":17}},"5":{"start":{"line":20,"column":13},"end":{"line":20,"column":44}},"6":{"start":{"line":21,"column":14},"end":{"line":21,"column":52}},"7":{"start":{"line":22,"column":18},"end":{"line":22,"column":32}},"8":{"start":{"line":23,"column":2},"end":{"line":23,"column":22}}},"fnMap":{"0":{"name":"typeCheck","decl":{"start":{"line":8,"column":9},"end":{"line":8,"column":18}},"loc":{"start":{"line":8,"column":31},"end":{"line":16,"column":1}},"line":8},"1":{"name":"randNum","decl":{"start":{"line":18,"column":9},"end":{"line":18,"column":16}},"loc":{"start":{"line":18,"column":19},"end":{"line":24,"column":1}},"line":18}},"branchMap":{"0":{"loc":{"start":{"line":11,"column":2},"end":{"line":15,"column":3}},"type":"if","locations":[{"start":{"line":11,"column":2},"end":{"line":15,"column":3}},{"start":{"line":11,"column":2},"end":{"line":15,"column":3}}],"line":11}},"s":{"0":69,"1":69,"2":69,"3":56,"4":13,"5":18,"6":18,"7":18,"8":18},"f":{"0":69,"1":18},"b":{"0":[56,13]},"_coverageSchema":"43e27e138ebf9cfc5966b082cf9a028302ed4184","hash":"d6301a059f1f6abca969897b481edbc143294ffd"}
}
