{"/Users/peng/go/src/github.com/peng/jsonp-pro/src/index.js": {"path":"/Users/peng/go/src/github.com/peng/jsonp-pro/src/index.js","statementMap":{"0":{"start":{"line":20,"column":16},"end":{"line":20,"column":46}},"1":{"start":{"line":21,"column":13},"end":{"line":21,"column":45}},"2":{"start":{"line":24,"column":14},"end":{"line":24,"column":16}},"3":{"start":{"line":25,"column":15},"end":{"line":25,"column":25}},"4":{"start":{"line":26,"column":19},"end":{"line":26,"column":42}},"5":{"start":{"line":27,"column":17},"end":{"line":27,"column":22}},"6":{"start":{"line":28,"column":18},"end":{"line":28,"column":23}},"7":{"start":{"line":32,"column":21},"end":{"line":32,"column":23}},"8":{"start":{"line":34,"column":2},"end":{"line":36,"column":3}},"9":{"start":{"line":35,"column":4},"end":{"line":35,"column":60}},"10":{"start":{"line":38,"column":2},"end":{"line":40,"column":3}},"11":{"start":{"line":39,"column":4},"end":{"line":39,"column":48}},"12":{"start":{"line":42,"column":18},"end":{"line":121,"column":3}},"13":{"start":{"line":44,"column":19},"end":{"line":44,"column":31}},"14":{"start":{"line":45,"column":6},"end":{"line":53,"column":7}},"15":{"start":{"line":46,"column":8},"end":{"line":48,"column":9}},"16":{"start":{"line":47,"column":10},"end":{"line":47,"column":46}},"17":{"start":{"line":49,"column":13},"end":{"line":53,"column":7}},"18":{"start":{"line":50,"column":8},"end":{"line":50,"column":29}},"19":{"start":{"line":52,"column":8},"end":{"line":52,"column":63}},"20":{"start":{"line":56,"column":6},"end":{"line":56,"column":32}},"21":{"start":{"line":57,"column":6},"end":{"line":58,"column":64}},"22":{"start":{"line":58,"column":8},"end":{"line":58,"column":64}},"23":{"start":{"line":61,"column":6},"end":{"line":63,"column":7}},"24":{"start":{"line":62,"column":8},"end":{"line":62,"column":62}},"25":{"start":{"line":64,"column":6},"end":{"line":64,"column":54}},"26":{"start":{"line":67,"column":6},"end":{"line":67,"column":30}},"27":{"start":{"line":68,"column":6},"end":{"line":70,"column":7}},"28":{"start":{"line":69,"column":8},"end":{"line":69,"column":63}},"29":{"start":{"line":73,"column":6},"end":{"line":73,"column":34}},"30":{"start":{"line":74,"column":6},"end":{"line":76,"column":7}},"31":{"start":{"line":75,"column":8},"end":{"line":75,"column":63}},"32":{"start":{"line":79,"column":6},"end":{"line":79,"column":42}},"33":{"start":{"line":80,"column":6},"end":{"line":82,"column":7}},"34":{"start":{"line":81,"column":8},"end":{"line":81,"column":67}},"35":{"start":{"line":85,"column":6},"end":{"line":85,"column":38}},"36":{"start":{"line":86,"column":6},"end":{"line":88,"column":7}},"37":{"start":{"line":87,"column":8},"end":{"line":87,"column":66}},"38":{"start":{"line":91,"column":22},"end":{"line":91,"column":37}},"39":{"start":{"line":92,"column":6},"end":{"line":96,"column":7}},"40":{"start":{"line":93,"column":8},"end":{"line":93,"column":33}},"41":{"start":{"line":95,"column":8},"end":{"line":95,"column":62}},"42":{"start":{"line":99,"column":6},"end":{"line":99,"column":40}},"43":{"start":{"line":100,"column":6},"end":{"line":102,"column":7}},"44":{"start":{"line":101,"column":8},"end":{"line":101,"column":66}},"45":{"start":{"line":105,"column":6},"end":{"line":107,"column":7}},"46":{"start":{"line":106,"column":8},"end":{"line":106,"column":64}},"47":{"start":{"line":110,"column":10},"end":{"line":110,"column":48}},"48":{"start":{"line":111,"column":10},"end":{"line":111,"column":77}},"49":{"start":{"line":112,"column":10},"end":{"line":112,"column":30}},"50":{"start":{"line":113,"column":10},"end":{"line":113,"column":28}},"51":{"start":{"line":116,"column":8},"end":{"line":116,"column":49}},"52":{"start":{"line":119,"column":6},"end":{"line":119,"column":31}},"53":{"start":{"line":123,"column":2},"end":{"line":125,"column":3}},"54":{"start":{"line":124,"column":4},"end":{"line":124,"column":20}},"55":{"start":{"line":127,"column":2},"end":{"line":129,"column":5}},"56":{"start":{"line":128,"column":4},"end":{"line":128,"column":11}},"57":{"start":{"line":132,"column":2},"end":{"line":136,"column":3}},"58":{"start":{"line":133,"column":4},"end":{"line":135,"column":44}},"59":{"start":{"line":137,"column":2},"end":{"line":146,"column":3}},"60":{"start":{"line":138,"column":4},"end":{"line":142,"column":6}},"61":{"start":{"line":139,"column":6},"end":{"line":139,"column":31}},"62":{"start":{"line":140,"column":6},"end":{"line":140,"column":32}},"63":{"start":{"line":141,"column":6},"end":{"line":141,"column":34}},"64":{"start":{"line":143,"column":4},"end":{"line":145,"column":58}},"65":{"start":{"line":147,"column":2},"end":{"line":147,"column":23}},"66":{"start":{"line":150,"column":4},"end":{"line":150,"column":48}},"67":{"start":{"line":151,"column":4},"end":{"line":151,"column":23}},"68":{"start":{"line":152,"column":4},"end":{"line":152,"column":24}},"69":{"start":{"line":156,"column":2},"end":{"line":156,"column":43}},"70":{"start":{"line":158,"column":2},"end":{"line":158,"column":19}},"71":{"start":{"line":159,"column":2},"end":{"line":159,"column":28}}},"fnMap":{"0":{"name":"(anonymous_0)","decl":{"start":{"line":19,"column":15},"end":{"line":19,"column":16}},"loc":{"start":{"line":19,"column":38},"end":{"line":160,"column":1}},"line":19},"1":{"name":"(anonymous_1)","decl":{"start":{"line":43,"column":4},"end":{"line":43,"column":5}},"loc":{"start":{"line":43,"column":11},"end":{"line":54,"column":5}},"line":43},"2":{"name":"(anonymous_2)","decl":{"start":{"line":55,"column":4},"end":{"line":55,"column":5}},"loc":{"start":{"line":55,"column":14},"end":{"line":59,"column":5}},"line":55},"3":{"name":"(anonymous_3)","decl":{"start":{"line":60,"column":4},"end":{"line":60,"column":5}},"loc":{"start":{"line":60,"column":12},"end":{"line":65,"column":5}},"line":60},"4":{"name":"(anonymous_4)","decl":{"start":{"line":66,"column":4},"end":{"line":66,"column":5}},"loc":{"start":{"line":66,"column":13},"end":{"line":71,"column":5}},"line":66},"5":{"name":"(anonymous_5)","decl":{"start":{"line":72,"column":4},"end":{"line":72,"column":5}},"loc":{"start":{"line":72,"column":15},"end":{"line":77,"column":5}},"line":72},"6":{"name":"(anonymous_6)","decl":{"start":{"line":78,"column":4},"end":{"line":78,"column":5}},"loc":{"start":{"line":78,"column":19},"end":{"line":83,"column":5}},"line":78},"7":{"name":"(anonymous_7)","decl":{"start":{"line":84,"column":4},"end":{"line":84,"column":5}},"loc":{"start":{"line":84,"column":17},"end":{"line":89,"column":5}},"line":84},"8":{"name":"(anonymous_8)","decl":{"start":{"line":90,"column":4},"end":{"line":90,"column":5}},"loc":{"start":{"line":90,"column":14},"end":{"line":97,"column":5}},"line":90},"9":{"name":"(anonymous_9)","decl":{"start":{"line":98,"column":4},"end":{"line":98,"column":5}},"loc":{"start":{"line":98,"column":18},"end":{"line":103,"column":5}},"line":98},"10":{"name":"(anonymous_10)","decl":{"start":{"line":104,"column":4},"end":{"line":104,"column":5}},"loc":{"start":{"line":104,"column":14},"end":{"line":120,"column":5}},"line":104},"11":{"name":"timeout","decl":{"start":{"line":108,"column":15},"end":{"line":108,"column":22}},"loc":{"start":{"line":108,"column":25},"end":{"line":117,"column":7}},"line":108},"12":{"name":"outTime","decl":{"start":{"line":109,"column":17},"end":{"line":109,"column":24}},"loc":{"start":{"line":109,"column":27},"end":{"line":114,"column":9}},"line":109},"13":{"name":"(anonymous_13)","decl":{"start":{"line":127,"column":21},"end":{"line":127,"column":22}},"loc":{"start":{"line":127,"column":29},"end":{"line":129,"column":3}},"line":127},"14":{"name":"(anonymous_14)","decl":{"start":{"line":138,"column":27},"end":{"line":138,"column":28}},"loc":{"start":{"line":138,"column":35},"end":{"line":142,"column":5}},"line":138},"15":{"name":"loadLis","decl":{"start":{"line":149,"column":11},"end":{"line":149,"column":18}},"loc":{"start":{"line":149,"column":21},"end":{"line":154,"column":3}},"line":149}},"branchMap":{"0":{"loc":{"start":{"line":34,"column":2},"end":{"line":36,"column":3}},"type":"if","locations":[{"start":{"line":34,"column":2},"end":{"line":36,"column":3}},{"start":{"line":34,"column":2},"end":{"line":36,"column":3}}],"line":34},"1":{"loc":{"start":{"line":38,"column":2},"end":{"line":40,"column":3}},"type":"if","locations":[{"start":{"line":38,"column":2},"end":{"line":40,"column":3}},{"start":{"line":38,"column":2},"end":{"line":40,"column":3}}],"line":38},"2":{"loc":{"start":{"line":45,"column":6},"end":{"line":53,"column":7}},"type":"if","locations":[{"start":{"line":45,"column":6},"end":{"line":53,"column":7}},{"start":{"line":45,"column":6},"end":{"line":53,"column":7}}],"line":45},"3":{"loc":{"start":{"line":49,"column":13},"end":{"line":53,"column":7}},"type":"if","locations":[{"start":{"line":49,"column":13},"end":{"line":53,"column":7}},{"start":{"line":49,"column":13},"end":{"line":53,"column":7}}],"line":49},"4":{"loc":{"start":{"line":57,"column":6},"end":{"line":58,"column":64}},"type":"if","locations":[{"start":{"line":57,"column":6},"end":{"line":58,"column":64}},{"start":{"line":57,"column":6},"end":{"line":58,"column":64}}],"line":57},"5":{"loc":{"start":{"line":61,"column":6},"end":{"line":63,"column":7}},"type":"if","locations":[{"start":{"line":61,"column":6},"end":{"line":63,"column":7}},{"start":{"line":61,"column":6},"end":{"line":63,"column":7}}],"line":61},"6":{"loc":{"start":{"line":68,"column":6},"end":{"line":70,"column":7}},"type":"if","locations":[{"start":{"line":68,"column":6},"end":{"line":70,"column":7}},{"start":{"line":68,"column":6},"end":{"line":70,"column":7}}],"line":68},"7":{"loc":{"start":{"line":74,"column":6},"end":{"line":76,"column":7}},"type":"if","locations":[{"start":{"line":74,"column":6},"end":{"line":76,"column":7}},{"start":{"line":74,"column":6},"end":{"line":76,"column":7}}],"line":74},"8":{"loc":{"start":{"line":80,"column":6},"end":{"line":82,"column":7}},"type":"if","locations":[{"start":{"line":80,"column":6},"end":{"line":82,"column":7}},{"start":{"line":80,"column":6},"end":{"line":82,"column":7}}],"line":80},"9":{"loc":{"start":{"line":86,"column":6},"end":{"line":88,"column":7}},"type":"if","locations":[{"start":{"line":86,"column":6},"end":{"line":88,"column":7}},{"start":{"line":86,"column":6},"end":{"line":88,"column":7}}],"line":86},"10":{"loc":{"start":{"line":92,"column":6},"end":{"line":96,"column":7}},"type":"if","locations":[{"start":{"line":92,"column":6},"end":{"line":96,"column":7}},{"start":{"line":92,"column":6},"end":{"line":96,"column":7}}],"line":92},"11":{"loc":{"start":{"line":100,"column":6},"end":{"line":102,"column":7}},"type":"if","locations":[{"start":{"line":100,"column":6},"end":{"line":102,"column":7}},{"start":{"line":100,"column":6},"end":{"line":102,"column":7}}],"line":100},"12":{"loc":{"start":{"line":105,"column":6},"end":{"line":107,"column":7}},"type":"if","locations":[{"start":{"line":105,"column":6},"end":{"line":107,"column":7}},{"start":{"line":105,"column":6},"end":{"line":107,"column":7}}],"line":105},"13":{"loc":{"start":{"line":111,"column":10},"end":{"line":111,"column":76}},"type":"binary-expr","locations":[{"start":{"line":111,"column":10},"end":{"line":111,"column":45}},{"start":{"line":111,"column":49},"end":{"line":111,"column":76}}],"line":111},"14":{"loc":{"start":{"line":132,"column":2},"end":{"line":136,"column":3}},"type":"if","locations":[{"start":{"line":132,"column":2},"end":{"line":136,"column":3}},{"start":{"line":132,"column":2},"end":{"line":136,"column":3}}],"line":132},"15":{"loc":{"start":{"line":132,"column":6},"end":{"line":132,"column":33}},"type":"binary-expr","locations":[{"start":{"line":132,"column":6},"end":{"line":132,"column":16}},{"start":{"line":132,"column":20},"end":{"line":132,"column":33}}],"line":132},"16":{"loc":{"start":{"line":133,"column":4},"end":{"line":135,"column":43}},"type":"cond-expr","locations":[{"start":{"line":134,"column":9},"end":{"line":134,"column":42}},{"start":{"line":135,"column":9},"end":{"line":135,"column":42}}],"line":133},"17":{"loc":{"start":{"line":137,"column":2},"end":{"line":146,"column":3}},"type":"if","locations":[{"start":{"line":137,"column":2},"end":{"line":146,"column":3}},{"start":{"line":137,"column":2},"end":{"line":146,"column":3}}],"line":137},"18":{"loc":{"start":{"line":139,"column":6},"end":{"line":139,"column":30}},"type":"binary-expr","locations":[{"start":{"line":139,"column":6},"end":{"line":139,"column":13}},{"start":{"line":139,"column":17},"end":{"line":139,"column":30}}],"line":139},"19":{"loc":{"start":{"line":143,"column":4},"end":{"line":145,"column":57}},"type":"cond-expr","locations":[{"start":{"line":144,"column":9},"end":{"line":144,"column":56}},{"start":{"line":145,"column":9},"end":{"line":145,"column":56}}],"line":143},"20":{"loc":{"start":{"line":151,"column":4},"end":{"line":151,"column":22}},"type":"binary-expr","locations":[{"start":{"line":151,"column":4},"end":{"line":151,"column":10}},{"start":{"line":151,"column":14},"end":{"line":151,"column":22}}],"line":151}},"s":{"0":18,"1":18,"2":18,"3":18,"4":18,"5":18,"6":18,"7":18,"8":18,"9":1,"10":17,"11":1,"12":16,"13":7,"14":7,"15":5,"16":10,"17":2,"18":1,"19":1,"20":6,"21":6,"22":1,"23":4,"24":1,"25":3,"26":4,"27":4,"28":1,"29":4,"30":4,"31":1,"32":5,"33":5,"34":1,"35":3,"36":3,"37":1,"38":4,"39":4,"40":3,"41":1,"42":4,"43":4,"44":1,"45":4,"46":1,"47":2,"48":2,"49":2,"50":2,"51":3,"52":3,"53":16,"54":45,"55":6,"56":3,"57":6,"58":2,"59":6,"60":4,"61":1,"62":1,"63":1,"64":4,"65":6,"66":1,"67":1,"68":1,"69":6,"70":6,"71":6},"f":{"0":18,"1":7,"2":6,"3":4,"4":4,"5":4,"6":5,"7":3,"8":4,"9":4,"10":4,"11":3,"12":2,"13":3,"14":1,"15":1},"b":{"0":[1,17],"1":[1,16],"2":[5,2],"3":[1,1],"4":[1,5],"5":[1,3],"6":[1,3],"7":[1,3],"8":[1,4],"9":[1,2],"10":[3,1],"11":[1,3],"12":[1,3],"13":[2,1],"14":[2,4],"15":[6,2],"16":[1,1],"17":[4,2],"18":[1,1],"19":[2,2],"20":[1,1]},"_coverageSchema":"43e27e138ebf9cfc5966b082cf9a028302ed4184","hash":"2886ef1f90eeedffcfd20d59716f715ff3bf4b3c"}
,"/Users/peng/go/src/github.com/peng/jsonp-pro/src/methods.js": {"path":"/Users/peng/go/src/github.com/peng/jsonp-pro/src/methods.js","statementMap":{"0":{"start":{"line":9,"column":19},"end":{"line":9,"column":55}},"1":{"start":{"line":10,"column":19},"end":{"line":10,"column":37}},"2":{"start":{"line":11,"column":2},"end":{"line":15,"column":3}},"3":{"start":{"line":12,"column":4},"end":{"line":12,"column":16}},"4":{"start":{"line":14,"column":4},"end":{"line":14,"column":17}},"5":{"start":{"line":20,"column":13},"end":{"line":20,"column":44}},"6":{"start":{"line":21,"column":14},"end":{"line":21,"column":52}},"7":{"start":{"line":22,"column":18},"end":{"line":22,"column":32}},"8":{"start":{"line":23,"column":2},"end":{"line":23,"column":22}}},"fnMap":{"0":{"name":"typeCheck","decl":{"start":{"line":8,"column":9},"end":{"line":8,"column":18}},"loc":{"start":{"line":8,"column":31},"end":{"line":16,"column":1}},"line":8},"1":{"name":"randNum","decl":{"start":{"line":18,"column":9},"end":{"line":18,"column":16}},"loc":{"start":{"line":18,"column":19},"end":{"line":24,"column":1}},"line":18}},"branchMap":{"0":{"loc":{"start":{"line":11,"column":2},"end":{"line":15,"column":3}},"type":"if","locations":[{"start":{"line":11,"column":2},"end":{"line":15,"column":3}},{"start":{"line":11,"column":2},"end":{"line":15,"column":3}}],"line":11}},"s":{"0":75,"1":75,"2":75,"3":61,"4":14,"5":19,"6":19,"7":19,"8":19},"f":{"0":75,"1":19},"b":{"0":[61,14]},"_coverageSchema":"43e27e138ebf9cfc5966b082cf9a028302ed4184","hash":"f8bbb0c1e5bb408da53542e3d591d101226e2f23"}
}
