TN:
SF:/Users/zhangzhipeng/Desktop/Repository/GitHub/jsonp-pro/src/index.js
FN:18,(anonymous_0)
FN:42,(anonymous_1)
FN:54,(anonymous_2)
FN:59,(anonymous_3)
FN:65,(anonymous_4)
FN:71,(anonymous_5)
FN:77,(anonymous_6)
FN:83,(anonymous_7)
FN:91,(anonymous_8)
FN:97,(anonymous_9)
FN:101,timeout
FN:102,outTime
FN:120,(anonymous_12)
FN:131,(anonymous_13)
FN:142,loadLis
FNF:15
FNH:15
FNDA:17,(anonymous_0)
FNDA:7,(anonymous_1)
FNDA:5,(anonymous_2)
FNDA:4,(anonymous_3)
FNDA:4,(anonymous_4)
FNDA:5,(anonymous_5)
FNDA:3,(anonymous_6)
FNDA:4,(anonymous_7)
FNDA:4,(anonymous_8)
FNDA:4,(anonymous_9)
FNDA:3,timeout
FNDA:2,outTime
FNDA:3,(anonymous_12)
FNDA:1,(anonymous_13)
FNDA:1,loadLis
DA:19,17
DA:20,17
DA:23,17
DA:24,17
DA:25,17
DA:26,17
DA:27,17
DA:31,17
DA:33,17
DA:34,1
DA:37,16
DA:38,1
DA:41,15
DA:43,7
DA:44,7
DA:45,5
DA:46,10
DA:48,2
DA:49,1
DA:51,1
DA:55,5
DA:56,5
DA:57,1
DA:60,4
DA:61,4
DA:62,1
DA:66,4
DA:67,4
DA:68,1
DA:72,5
DA:73,5
DA:74,1
DA:78,3
DA:79,3
DA:80,1
DA:84,4
DA:85,4
DA:86,3
DA:88,1
DA:92,4
DA:93,4
DA:94,1
DA:98,4
DA:99,1
DA:103,2
DA:104,2
DA:105,2
DA:106,2
DA:109,3
DA:112,3
DA:116,15
DA:117,40
DA:120,6
DA:121,3
DA:125,6
DA:126,2
DA:130,6
DA:131,4
DA:132,1
DA:133,1
DA:134,1
DA:136,4
DA:140,6
DA:143,1
DA:144,1
DA:145,1
DA:148,6
DA:150,6
DA:151,6
LF:69
LH:69
BRDA:33,0,0,1
BRDA:33,0,1,16
BRDA:37,1,0,1
BRDA:37,1,1,15
BRDA:44,2,0,5
BRDA:44,2,1,2
BRDA:48,3,0,1
BRDA:48,3,1,1
BRDA:56,4,0,1
BRDA:56,4,1,4
BRDA:61,5,0,1
BRDA:61,5,1,3
BRDA:67,6,0,1
BRDA:67,6,1,3
BRDA:73,7,0,1
BRDA:73,7,1,4
BRDA:79,8,0,1
BRDA:79,8,1,2
BRDA:85,9,0,3
BRDA:85,9,1,1
BRDA:93,10,0,1
BRDA:93,10,1,3
BRDA:98,11,0,1
BRDA:98,11,1,3
BRDA:104,12,0,2
BRDA:104,12,1,1
BRDA:125,13,0,2
BRDA:125,13,1,4
BRDA:125,14,0,6
BRDA:125,14,1,2
BRDA:126,15,0,1
BRDA:126,15,1,1
BRDA:130,16,0,4
BRDA:130,16,1,2
BRDA:132,17,0,1
BRDA:132,17,1,1
BRDA:136,18,0,2
BRDA:136,18,1,2
BRDA:144,19,0,1
BRDA:144,19,1,1
BRF:40
BRH:40
end_of_record
TN:
SF:/Users/zhangzhipeng/Desktop/Repository/GitHub/jsonp-pro/src/methods.js
FN:8,typeCheck
FN:18,randNum
FNF:2
FNH:2
FNDA:69,typeCheck
FNDA:18,randNum
DA:9,69
DA:10,69
DA:11,69
DA:12,56
DA:14,13
DA:20,18
DA:21,18
DA:22,18
DA:23,18
LF:9
LH:9
BRDA:11,0,0,56
BRDA:11,0,1,13
BRF:2
BRH:2
end_of_record
