TN:
SF:/Users/peng/go/src/github.com/peng/jsonp-pro/src/index.js
FN:19,(anonymous_0)
FN:43,(anonymous_1)
FN:55,(anonymous_2)
FN:60,(anonymous_3)
FN:66,(anonymous_4)
FN:72,(anonymous_5)
FN:78,(anonymous_6)
FN:84,(anonymous_7)
FN:90,(anonymous_8)
FN:98,(anonymous_9)
FN:104,(anonymous_10)
FN:108,timeout
FN:109,outTime
FN:127,(anonymous_13)
FN:138,(anonymous_14)
FN:149,loadLis
FNF:16
FNH:16
FNDA:18,(anonymous_0)
FNDA:7,(anonymous_1)
FNDA:6,(anonymous_2)
FNDA:4,(anonymous_3)
FNDA:4,(anonymous_4)
FNDA:4,(anonymous_5)
FNDA:5,(anonymous_6)
FNDA:3,(anonymous_7)
FNDA:4,(anonymous_8)
FNDA:4,(anonymous_9)
FNDA:4,(anonymous_10)
FNDA:3,timeout
FNDA:2,outTime
FNDA:3,(anonymous_13)
FNDA:1,(anonymous_14)
FNDA:1,loadLis
DA:20,18
DA:21,18
DA:24,18
DA:25,18
DA:26,18
DA:27,18
DA:28,18
DA:32,18
DA:34,18
DA:35,1
DA:38,17
DA:39,1
DA:42,16
DA:44,7
DA:45,7
DA:46,5
DA:47,10
DA:49,2
DA:50,1
DA:52,1
DA:56,6
DA:57,6
DA:58,1
DA:61,4
DA:62,1
DA:64,3
DA:67,4
DA:68,4
DA:69,1
DA:73,4
DA:74,4
DA:75,1
DA:79,5
DA:80,5
DA:81,1
DA:85,3
DA:86,3
DA:87,1
DA:91,4
DA:92,4
DA:93,3
DA:95,1
DA:99,4
DA:100,4
DA:101,1
DA:105,4
DA:106,1
DA:110,2
DA:111,2
DA:112,2
DA:113,2
DA:116,3
DA:119,3
DA:123,16
DA:124,45
DA:127,6
DA:128,3
DA:132,6
DA:133,2
DA:137,6
DA:138,4
DA:139,1
DA:140,1
DA:141,1
DA:143,4
DA:147,6
DA:150,1
DA:151,1
DA:152,1
DA:156,6
DA:158,6
DA:159,6
LF:72
LH:72
BRDA:34,0,0,1
BRDA:34,0,1,17
BRDA:38,1,0,1
BRDA:38,1,1,16
BRDA:45,2,0,5
BRDA:45,2,1,2
BRDA:49,3,0,1
BRDA:49,3,1,1
BRDA:57,4,0,1
BRDA:57,4,1,5
BRDA:61,5,0,1
BRDA:61,5,1,3
BRDA:68,6,0,1
BRDA:68,6,1,3
BRDA:74,7,0,1
BRDA:74,7,1,3
BRDA:80,8,0,1
BRDA:80,8,1,4
BRDA:86,9,0,1
BRDA:86,9,1,2
BRDA:92,10,0,3
BRDA:92,10,1,1
BRDA:100,11,0,1
BRDA:100,11,1,3
BRDA:105,12,0,1
BRDA:105,12,1,3
BRDA:111,13,0,2
BRDA:111,13,1,1
BRDA:132,14,0,2
BRDA:132,14,1,4
BRDA:132,15,0,6
BRDA:132,15,1,2
BRDA:133,16,0,1
BRDA:133,16,1,1
BRDA:137,17,0,4
BRDA:137,17,1,2
BRDA:139,18,0,1
BRDA:139,18,1,1
BRDA:143,19,0,2
BRDA:143,19,1,2
BRDA:151,20,0,1
BRDA:151,20,1,1
BRF:42
BRH:42
end_of_record
TN:
SF:/Users/peng/go/src/github.com/peng/jsonp-pro/src/methods.js
FN:8,typeCheck
FN:18,randNum
FNF:2
FNH:2
FNDA:75,typeCheck
FNDA:19,randNum
DA:9,75
DA:10,75
DA:11,75
DA:12,61
DA:14,14
DA:20,19
DA:21,19
DA:22,19
DA:23,19
LF:9
LH:9
BRDA:11,0,0,61
BRDA:11,0,1,14
BRF:2
BRH:2
end_of_record
